2025-02-12 02:02:56,204 - INFO - Prediksi AI untuk btcidr dalam simulasi: 1575000630.3428347 | Harga Saat Ini: 1570006000.0
2025-02-12 02:02:56,204 - INFO - AI memprediksi harga akan naik dalam simulasi untuk btcidr. Melanjutkan trading.
2025-02-12 02:02:56,290 - INFO - Harga Sekarang (Simulasi): 1575001000.0 | Stop Loss: 1562155970.0 | Take Profit: 1577856029.9999998
2025-02-12 02:02:56,291 - INFO - Harga belum mencapai Take Profit atau Stop Loss dalam simulasi untuk btcidr. Menunggu...
2025-02-12 02:02:58,400 - INFO - Harga Sekarang (Simulasi): 1575001000.0 | Stop Loss: 1562155970.0 | Take Profit: 1577856029.9999998
2025-02-12 02:02:58,401 - INFO - Harga belum mencapai Take Profit atau Stop Loss dalam simulasi untuk btcidr. Menunggu...
2025-02-12 02:03:00,515 - INFO - Harga Sekarang (Simulasi): 1575001000.0 | Stop Loss: 1562155970.0 | Take Profit: 1577856029.9999998
2025-02-12 02:03:00,516 - INFO - Harga belum mencapai Take Profit atau Stop Loss dalam simulasi untuk btcidr. Menunggu...
2025-02-12 02:03:02,615 - INFO - Harga Sekarang (Simulasi): 1575001000.0 | Stop Loss: 1562155970.0 | Take Profit: 1577856029.9999998
2025-02-12 02:03:02,616 - INFO - Harga belum mencapai Take Profit atau Stop Loss dalam simulasi untuk btcidr. Menunggu...
2025-02-12 02:03:04,721 - INFO - Harga Sekarang (Simulasi): 1575000000.0 | Stop Loss: 1562155970.0 | Take Profit: 1577856029.9999998
2025-02-12 02:03:04,721 - INFO - Harga belum mencapai Take Profit atau Stop Loss dalam simulasi untuk btcidr. Menunggu...
2025-02-12 02:03:06,815 - INFO - Harga Sekarang (Simulasi): 1575000000.0 | Stop Loss: 1562155970.0 | Take Profit: 1577856029.9999998
2025-02-12 02:03:06,816 - INFO - Harga belum mencapai Take Profit atau Stop Loss dalam simulasi untuk btcidr. Menunggu...
2025-02-12 02:03:08,932 - INFO - Harga Sekarang (Simulasi): 1575000000.0 | Stop Loss: 1562155970.0 | Take Profit: 1577856029.9999998
2025-02-12 02:03:08,933 - INFO - Harga belum mencapai Take Profit atau Stop Loss dalam simulasi untuk btcidr. Menunggu...
2025-02-12 02:03:11,062 - INFO - Harga Sekarang (Simulasi): 1575000000.0 | Stop Loss: 1562155970.0 | Take Profit: 1577856029.9999998
2025-02-12 02:03:11,063 - INFO - Harga belum mencapai Take Profit atau Stop Loss dalam simulasi untuk btcidr. Menunggu...
2025-02-12 02:03:13,165 - INFO - Harga Sekarang (Simulasi): 1575000000.0 | Stop Loss: 1562155970.0 | Take Profit: 1577856029.9999998
2025-02-12 02:03:13,166 - INFO - Harga belum mencapai Take Profit atau Stop Loss dalam simulasi untuk btcidr. Menunggu...
2025-02-12 02:03:15,262 - INFO - Harga Sekarang (Simulasi): 1575000000.0 | Stop Loss: 1562155970.0 | Take Profit: 1577856029.9999998
2025-02-12 02:03:15,263 - INFO - Harga belum mencapai Take Profit atau Stop Loss dalam simulasi untuk btcidr. Menunggu...
2025-02-12 02:03:17,356 - INFO - Harga Sekarang (Simulasi): 1575000000.0 | Stop Loss: 1562155970.0 | Take Profit: 1577856029.9999998
2025-02-12 02:03:17,356 - INFO - Harga belum mencapai Take Profit atau Stop Loss dalam simulasi untuk btcidr. Menunggu...
2025-02-12 02:03:19,464 - INFO - Harga Sekarang (Simulasi): 1575000000.0 | Stop Loss: 1562155970.0 | Take Profit: 1577856029.9999998
2025-02-12 02:03:19,465 - INFO - Harga belum mencapai Take Profit atau Stop Loss dalam simulasi untuk btcidr. Menunggu...
2025-02-12 02:03:21,558 - INFO - Harga Sekarang (Simulasi): 1575000000.0 | Stop Loss: 1562155970.0 | Take Profit: 1577856029.9999998
2025-02-12 02:03:21,558 - INFO - Harga belum mencapai Take Profit atau Stop Loss dalam simulasi untuk btcidr. Menunggu...
2025-02-12 02:03:23,670 - INFO - Harga Sekarang (Simulasi): 1575000000.0 | Stop Loss: 1562155970.0 | Take Profit: 1577856029.9999998
2025-02-12 02:03:23,670 - INFO - Harga belum mencapai Take Profit atau Stop Loss dalam simulasi untuk btcidr. Menunggu...
2025-02-12 02:03:25,768 - INFO - Harga Sekarang (Simulasi): 1575000000.0 | Stop Loss: 1562155970.0 | Take Profit: 1577856029.9999998
2025-02-12 02:03:25,769 - INFO - Harga belum mencapai Take Profit atau Stop Loss dalam simulasi untuk btcidr. Menunggu...
2025-02-12 02:03:27,873 - INFO - Harga Sekarang (Simulasi): 1575000000.0 | Stop Loss: 1562155970.0 | Take Profit: 1577856029.9999998
2025-02-12 02:03:27,874 - INFO - Harga belum mencapai Take Profit atau Stop Loss dalam simulasi untuk btcidr. Menunggu...
2025-02-12 02:03:29,973 - INFO - Harga Sekarang (Simulasi): 1575001000.0 | Stop Loss: 1562155970.0 | Take Profit: 1577856029.9999998
2025-02-12 02:03:29,973 - INFO - Harga belum mencapai Take Profit atau Stop Loss dalam simulasi untuk btcidr. Menunggu...
2025-02-12 02:03:32,076 - INFO - Harga Sekarang (Simulasi): 1575001000.0 | Stop Loss: 1562155970.0 | Take Profit: 1577856029.9999998
2025-02-12 02:03:32,076 - INFO - Harga belum mencapai Take Profit atau Stop Loss dalam simulasi untuk btcidr. Menunggu...
2025-02-12 02:03:34,191 - INFO - Harga Sekarang (Simulasi): 1575001000.0 | Stop Loss: 1562155970.0 | Take Profit: 1577856029.9999998
2025-02-12 02:03:34,191 - INFO - Harga belum mencapai Take Profit atau Stop Loss dalam simulasi untuk btcidr. Menunggu...
2025-02-12 02:03:36,287 - INFO - Harga Sekarang (Simulasi): 1575001000.0 | Stop Loss: 1562155970.0 | Take Profit: 1577856029.9999998
2025-02-12 02:03:36,287 - INFO - Harga belum mencapai Take Profit atau Stop Loss dalam simulasi untuk btcidr. Menunggu...
2025-02-12 02:03:38,398 - INFO - Harga Sekarang (Simulasi): 1575001000.0 | Stop Loss: 1562155970.0 | Take Profit: 1577856029.9999998
2025-02-12 02:03:38,400 - INFO - Harga belum mencapai Take Profit atau Stop Loss dalam simulasi untuk btcidr. Menunggu...
2025-02-12 02:03:40,496 - INFO - Harga Sekarang (Simulasi): 1575001000.0 | Stop Loss: 1562155970.0 | Take Profit: 1577856029.9999998
2025-02-12 02:03:40,496 - INFO - Harga belum mencapai Take Profit atau Stop Loss dalam simulasi untuk btcidr. Menunggu...
2025-02-12 02:03:42,613 - INFO - Harga Sekarang (Simulasi): 1575001000.0 | Stop Loss: 1562155970.0 | Take Profit: 1577856029.9999998
2025-02-12 02:03:42,614 - INFO - Harga belum mencapai Take Profit atau Stop Loss dalam simulasi untuk btcidr. Menunggu...
2025-02-12 02:03:44,708 - INFO - Harga Sekarang (Simulasi): 1575001000.0 | Stop Loss: 1562155970.0 | Take Profit: 1577856029.9999998
2025-02-12 02:03:44,709 - INFO - Harga belum mencapai Take Profit atau Stop Loss dalam simulasi untuk btcidr. Menunggu...
2025-02-12 02:03:46,796 - INFO - Harga Sekarang (Simulasi): 1575001000.0 | Stop Loss: 1562155970.0 | Take Profit: 1577856029.9999998
2025-02-12 02:03:46,797 - INFO - Harga belum mencapai Take Profit atau Stop Loss dalam simulasi untuk btcidr. Menunggu...
2025-02-12 02:03:48,918 - INFO - Harga Sekarang (Simulasi): 1575001000.0 | Stop Loss: 1562155970.0 | Take Profit: 1577856029.9999998
2025-02-12 02:03:48,918 - INFO - Harga belum mencapai Take Profit atau Stop Loss dalam simulasi untuk btcidr. Menunggu...
2025-02-12 02:03:51,250 - INFO - Harga Sekarang (Simulasi): 1575001000.0 | Stop Loss: 1562155970.0 | Take Profit: 1577856029.9999998
2025-02-12 02:03:51,251 - INFO - Harga belum mencapai Take Profit atau Stop Loss dalam simulasi untuk btcidr. Menunggu...
2025-02-12 02:03:53,339 - INFO - Harga Sekarang (Simulasi): 1575001000.0 | Stop Loss: 1562155970.0 | Take Profit: 1577856029.9999998
2025-02-12 02:03:53,339 - INFO - Harga belum mencapai Take Profit atau Stop Loss dalam simulasi untuk btcidr. Menunggu...
2025-02-12 02:03:55,458 - INFO - Harga Sekarang (Simulasi): 1575000000.0 | Stop Loss: 1562155970.0 | Take Profit: 1577856029.9999998
2025-02-12 02:03:55,459 - INFO - Harga belum mencapai Take Profit atau Stop Loss dalam simulasi untuk btcidr. Menunggu...
2025-02-12 02:03:57,546 - INFO - Harga Sekarang (Simulasi): 1575000000.0 | Stop Loss: 1562155970.0 | Take Profit: 1577856029.9999998
2025-02-12 02:03:57,547 - INFO - Harga belum mencapai Take Profit atau Stop Loss dalam simulasi untuk btcidr. Menunggu...
2025-02-12 02:03:59,642 - INFO - Harga Sekarang (Simulasi): 1575000000.0 | Stop Loss: 1562155970.0 | Take Profit: 1577856029.9999998
2025-02-12 02:03:59,643 - INFO - Harga belum mencapai Take Profit atau Stop Loss dalam simulasi untuk btcidr. Menunggu...
2025-02-12 02:04:01,737 - INFO - Harga Sekarang (Simulasi): 1575000000.0 | Stop Loss: 1562155970.0 | Take Profit: 1577856029.9999998
2025-02-12 02:04:01,737 - INFO - Harga belum mencapai Take Profit atau Stop Loss dalam simulasi untuk btcidr. Menunggu...
2025-02-12 02:04:03,842 - INFO - Harga Sekarang (Simulasi): 1575000000.0 | Stop Loss: 1562155970.0 | Take Profit: 1577856029.9999998
2025-02-12 02:04:03,843 - INFO - Harga belum mencapai Take Profit atau Stop Loss dalam simulasi untuk btcidr. Menunggu...
2025-02-12 02:04:05,941 - INFO - Harga Sekarang (Simulasi): 1575000000.0 | Stop Loss: 1562155970.0 | Take Profit: 1577856029.9999998
2025-02-12 02:04:05,941 - INFO - Harga belum mencapai Take Profit atau Stop Loss dalam simulasi untuk btcidr. Menunggu...
2025-02-12 02:04:08,040 - INFO - Harga Sekarang (Simulasi): 1575000000.0 | Stop Loss: 1562155970.0 | Take Profit: 1577856029.9999998
2025-02-12 02:04:08,040 - INFO - Harga belum mencapai Take Profit atau Stop Loss dalam simulasi untuk btcidr. Menunggu...
2025-02-12 02:04:10,126 - INFO - Harga Sekarang (Simulasi): 1575000000.0 | Stop Loss: 1562155970.0 | Take Profit: 1577856029.9999998
2025-02-12 02:04:10,126 - INFO - Harga belum mencapai Take Profit atau Stop Loss dalam simulasi untuk btcidr. Menunggu...
2025-02-12 02:04:12,245 - INFO - Harga Sekarang (Simulasi): 1575000000.0 | Stop Loss: 1562155970.0 | Take Profit: 1577856029.9999998
2025-02-12 02:04:12,246 - INFO - Harga belum mencapai Take Profit atau Stop Loss dalam simulasi untuk btcidr. Menunggu...
2025-02-12 02:04:14,345 - INFO - Harga Sekarang (Simulasi): 1575000000.0 | Stop Loss: 1562155970.0 | Take Profit: 1577856029.9999998
2025-02-12 02:04:14,346 - INFO - Harga belum mencapai Take Profit atau Stop Loss dalam simulasi untuk btcidr. Menunggu...
2025-02-12 02:04:16,448 - INFO - Harga Sekarang (Simulasi): 1575000000.0 | Stop Loss: 1562155970.0 | Take Profit: 1577856029.9999998
2025-02-12 02:04:16,448 - INFO - Harga belum mencapai Take Profit atau Stop Loss dalam simulasi untuk btcidr. Menunggu...
2025-02-12 02:04:18,542 - INFO - Harga Sekarang (Simulasi): 1575000000.0 | Stop Loss: 1562155970.0 | Take Profit: 1577856029.9999998
2025-02-12 02:04:18,542 - INFO - Harga belum mencapai Take Profit atau Stop Loss dalam simulasi untuk btcidr. Menunggu...
2025-02-12 02:04:20,649 - INFO - Harga Sekarang (Simulasi): 1575000000.0 | Stop Loss: 1562155970.0 | Take Profit: 1577856029.9999998
2025-02-12 02:04:20,651 - INFO - Harga belum mencapai Take Profit atau Stop Loss dalam simulasi untuk btcidr. Menunggu...
2025-02-12 02:04:22,747 - INFO - Harga Sekarang (Simulasi): 1575000000.0 | Stop Loss: 1562155970.0 | Take Profit: 1577856029.9999998
2025-02-12 02:04:22,748 - INFO - Harga belum mencapai Take Profit atau Stop Loss dalam simulasi untuk btcidr. Menunggu...
2025-02-12 02:04:24,836 - INFO - Harga Sekarang (Simulasi): 1575000000.0 | Stop Loss: 1562155970.0 | Take Profit: 1577856029.9999998
2025-02-12 02:04:24,837 - INFO - Harga belum mencapai Take Profit atau Stop Loss dalam simulasi untuk btcidr. Menunggu...
2025-02-12 02:04:26,938 - INFO - Harga Sekarang (Simulasi): 1575000000.0 | Stop Loss: 1562155970.0 | Take Profit: 1577856029.9999998
2025-02-12 02:04:26,938 - INFO - Harga belum mencapai Take Profit atau Stop Loss dalam simulasi untuk btcidr. Menunggu...
2025-02-12 02:04:29,164 - INFO - Harga Sekarang (Simulasi): 1575000000.0 | Stop Loss: 1562155970.0 | Take Profit: 1577856029.9999998
2025-02-12 02:04:29,164 - INFO - Harga belum mencapai Take Profit atau Stop Loss dalam simulasi untuk btcidr. Menunggu...
2025-02-12 02:04:31,252 - INFO - Harga Sekarang (Simulasi): 1575000000.0 | Stop Loss: 1562155970.0 | Take Profit: 1577856029.9999998
2025-02-12 02:04:31,252 - INFO - Harga belum mencapai Take Profit atau Stop Loss dalam simulasi untuk btcidr. Menunggu...
2025-02-12 02:04:33,466 - INFO - Harga Sekarang (Simulasi): 1575000000.0 | Stop Loss: 1562155970.0 | Take Profit: 1577856029.9999998
2025-02-12 02:04:33,467 - INFO - Harga belum mencapai Take Profit atau Stop Loss dalam simulasi untuk btcidr. Menunggu...
2025-02-12 02:04:35,567 - INFO - Harga Sekarang (Simulasi): 1575000000.0 | Stop Loss: 1562155970.0 | Take Profit: 1577856029.9999998
2025-02-12 02:04:35,568 - INFO - Harga belum mencapai Take Profit atau Stop Loss dalam simulasi untuk btcidr. Menunggu...
2025-02-12 02:04:37,665 - INFO - Harga Sekarang (Simulasi): 1575000000.0 | Stop Loss: 1562155970.0 | Take Profit: 1577856029.9999998
2025-02-12 02:04:37,666 - INFO - Harga belum mencapai Take Profit atau Stop Loss dalam simulasi untuk btcidr. Menunggu...
2025-02-12 02:04:39,768 - INFO - Harga Sekarang (Simulasi): 1575000000.0 | Stop Loss: 1562155970.0 | Take Profit: 1577856029.9999998
2025-02-12 02:04:39,769 - INFO - Harga belum mencapai Take Profit atau Stop Loss dalam simulasi untuk btcidr. Menunggu...
2025-02-12 02:04:41,864 - INFO - Harga Sekarang (Simulasi): 1575000000.0 | Stop Loss: 1562155970.0 | Take Profit: 1577856029.9999998
2025-02-12 02:04:41,864 - INFO - Harga belum mencapai Take Profit atau Stop Loss dalam simulasi untuk btcidr. Menunggu...
2025-02-12 02:04:43,952 - INFO - Harga Sekarang (Simulasi): 1575000000.0 | Stop Loss: 1562155970.0 | Take Profit: 1577856029.9999998
2025-02-12 02:04:43,952 - INFO - Harga belum mencapai Take Profit atau Stop Loss dalam simulasi untuk btcidr. Menunggu...
2025-02-12 02:04:46,059 - INFO - Harga Sekarang (Simulasi): 1575000000.0 | Stop Loss: 1562155970.0 | Take Profit: 1577856029.9999998
2025-02-12 02:04:46,059 - INFO - Harga belum mencapai Take Profit atau Stop Loss dalam simulasi untuk btcidr. Menunggu...
2025-02-12 02:04:48,156 - INFO - Harga Sekarang (Simulasi): 1575000000.0 | Stop Loss: 1562155970.0 | Take Profit: 1577856029.9999998
2025-02-12 02:04:48,156 - INFO - Harga belum mencapai Take Profit atau Stop Loss dalam simulasi untuk btcidr. Menunggu...
2025-02-12 02:04:50,277 - INFO - Harga Sekarang (Simulasi): 1575000000.0 | Stop Loss: 1562155970.0 | Take Profit: 1577856029.9999998
2025-02-12 02:04:50,278 - INFO - Harga belum mencapai Take Profit atau Stop Loss dalam simulasi untuk btcidr. Menunggu...
2025-02-12 02:04:52,371 - INFO - Harga Sekarang (Simulasi): 1575000000.0 | Stop Loss: 1562155970.0 | Take Profit: 1577856029.9999998
2025-02-12 02:04:52,372 - INFO - Harga belum mencapai Take Profit atau Stop Loss dalam simulasi untuk btcidr. Menunggu...
2025-02-12 02:04:54,468 - INFO - Harga Sekarang (Simulasi): 1575000000.0 | Stop Loss: 1562155970.0 | Take Profit: 1577856029.9999998
2025-02-12 02:04:54,468 - INFO - Harga belum mencapai Take Profit atau Stop Loss dalam simulasi untuk btcidr. Menunggu...
2025-02-12 02:04:56,828 - INFO - Harga Sekarang (Simulasi): 1575000000.0 | Stop Loss: 1562155970.0 | Take Profit: 1577856029.9999998
2025-02-12 02:04:56,828 - INFO - Harga belum mencapai Take Profit atau Stop Loss dalam simulasi untuk btcidr. Menunggu...
2025-02-12 02:04:58,933 - INFO - Harga Sekarang (Simulasi): 1575000000.0 | Stop Loss: 1562155970.0 | Take Profit: 1577856029.9999998
2025-02-12 02:04:58,934 - INFO - Harga belum mencapai Take Profit atau Stop Loss dalam simulasi untuk btcidr. Menunggu...
2025-02-12 02:05:01,247 - INFO - Harga Sekarang (Simulasi): 1575000000.0 | Stop Loss: 1562155970.0 | Take Profit: 1577856029.9999998
2025-02-12 02:05:01,248 - INFO - Harga belum mencapai Take Profit atau Stop Loss dalam simulasi untuk btcidr. Menunggu...
2025-02-12 02:05:03,346 - INFO - Harga Sekarang (Simulasi): 1575000000.0 | Stop Loss: 1562155970.0 | Take Profit: 1577856029.9999998
2025-02-12 02:05:03,347 - INFO - Harga belum mencapai Take Profit atau Stop Loss dalam simulasi untuk btcidr. Menunggu...
2025-02-12 02:05:05,442 - INFO - Harga Sekarang (Simulasi): 1575000000.0 | Stop Loss: 1562155970.0 | Take Profit: 1577856029.9999998
2025-02-12 02:05:05,443 - INFO - Harga belum mencapai Take Profit atau Stop Loss dalam simulasi untuk btcidr. Menunggu...
2025-02-12 02:05:07,538 - INFO - Harga Sekarang (Simulasi): 1575000000.0 | Stop Loss: 1562155970.0 | Take Profit: 1577856029.9999998
2025-02-12 02:05:07,538 - INFO - Harga belum mencapai Take Profit atau Stop Loss dalam simulasi untuk btcidr. Menunggu...
2025-02-12 02:05:09,652 - INFO - Harga Sekarang (Simulasi): 1575000000.0 | Stop Loss: 1562155970.0 | Take Profit: 1577856029.9999998
2025-02-12 02:05:09,653 - INFO - Harga belum mencapai Take Profit atau Stop Loss dalam simulasi untuk btcidr. Menunggu...
2025-02-12 02:05:11,755 - INFO - Harga Sekarang (Simulasi): 1575000000.0 | Stop Loss: 1562155970.0 | Take Profit: 1577856029.9999998
2025-02-12 02:05:11,755 - INFO - Harga belum mencapai Take Profit atau Stop Loss dalam simulasi untuk btcidr. Menunggu...
2025-02-12 02:05:13,846 - INFO - Harga Sekarang (Simulasi): 1575000000.0 | Stop Loss: 1562155970.0 | Take Profit: 1577856029.9999998
2025-02-12 02:05:13,847 - INFO - Harga belum mencapai Take Profit atau Stop Loss dalam simulasi untuk btcidr. Menunggu...
2025-02-12 02:05:15,955 - INFO - Harga Sekarang (Simulasi): 1575000000.0 | Stop Loss: 1562155970.0 | Take Profit: 1577856029.9999998
2025-02-12 02:05:15,955 - INFO - Harga belum mencapai Take Profit atau Stop Loss dalam simulasi untuk btcidr. Menunggu...
2025-02-12 02:05:18,208 - INFO - Harga Sekarang (Simulasi): 1575000000.0 | Stop Loss: 1562155970.0 | Take Profit: 1577856029.9999998
2025-02-12 02:05:18,208 - INFO - Harga belum mencapai Take Profit atau Stop Loss dalam simulasi untuk btcidr. Menunggu...
2025-02-12 02:05:20,308 - INFO - Harga Sekarang (Simulasi): 1575000000.0 | Stop Loss: 1562155970.0 | Take Profit: 1577856029.9999998
2025-02-12 02:05:20,309 - INFO - Harga belum mencapai Take Profit atau Stop Loss dalam simulasi untuk btcidr. Menunggu...
2025-02-12 02:05:22,419 - INFO - Harga Sekarang (Simulasi): 1575000000.0 | Stop Loss: 1562155970.0 | Take Profit: 1577856029.9999998
2025-02-12 02:05:22,419 - INFO - Harga belum mencapai Take Profit atau Stop Loss dalam simulasi untuk btcidr. Menunggu...
2025-02-12 02:05:24,522 - INFO - Harga Sekarang (Simulasi): 1575000000.0 | Stop Loss: 1562155970.0 | Take Profit: 1577856029.9999998
2025-02-12 02:05:24,523 - INFO - Harga belum mencapai Take Profit atau Stop Loss dalam simulasi untuk btcidr. Menunggu...
2025-02-12 02:05:26,618 - INFO - Harga Sekarang (Simulasi): 1575000000.0 | Stop Loss: 1562155970.0 | Take Profit: 1577856029.9999998
2025-02-12 02:05:26,620 - INFO - Harga belum mencapai Take Profit atau Stop Loss dalam simulasi untuk btcidr. Menunggu...
2025-02-12 02:05:28,717 - INFO - Harga Sekarang (Simulasi): 1575000000.0 | Stop Loss: 1562155970.0 | Take Profit: 1577856029.9999998
2025-02-12 02:05:28,717 - INFO - Harga belum mencapai Take Profit atau Stop Loss dalam simulasi untuk btcidr. Menunggu...
2025-02-12 02:05:30,820 - INFO - Harga Sekarang (Simulasi): 1575000000.0 | Stop Loss: 1562155970.0 | Take Profit: 1577856029.9999998
2025-02-12 02:05:30,821 - INFO - Harga belum mencapai Take Profit atau Stop Loss dalam simulasi untuk btcidr. Menunggu...
2025-02-12 02:05:33,111 - INFO - Harga Sekarang (Simulasi): 1575000000.0 | Stop Loss: 1562155970.0 | Take Profit: 1577856029.9999998
2025-02-12 02:05:33,111 - INFO - Harga belum mencapai Take Profit atau Stop Loss dalam simulasi untuk btcidr. Menunggu...
2025-02-12 02:05:35,210 - INFO - Harga Sekarang (Simulasi): 1575000000.0 | Stop Loss: 1562155970.0 | Take Profit: 1577856029.9999998
2025-02-12 02:05:35,211 - INFO - Harga belum mencapai Take Profit atau Stop Loss dalam simulasi untuk btcidr. Menunggu...
2025-02-12 02:05:37,324 - INFO - Harga Sekarang (Simulasi): 1575000000.0 | Stop Loss: 1562155970.0 | Take Profit: 1577856029.9999998
2025-02-12 02:05:37,324 - INFO - Harga belum mencapai Take Profit atau Stop Loss dalam simulasi untuk btcidr. Menunggu...
2025-02-12 02:05:39,568 - INFO - Harga Sekarang (Simulasi): 1575000000.0 | Stop Loss: 1562155970.0 | Take Profit: 1577856029.9999998
2025-02-12 02:05:39,570 - INFO - Harga belum mencapai Take Profit atau Stop Loss dalam simulasi untuk btcidr. Menunggu...
2025-02-12 02:05:41,680 - INFO - Harga Sekarang (Simulasi): 1575000000.0 | Stop Loss: 1562155970.0 | Take Profit: 1577856029.9999998
2025-02-12 02:05:41,681 - INFO - Harga belum mencapai Take Profit atau Stop Loss dalam simulasi untuk btcidr. Menunggu...
2025-02-12 02:05:43,787 - INFO - Harga Sekarang (Simulasi): 1575000000.0 | Stop Loss: 1562155970.0 | Take Profit: 1577856029.9999998
2025-02-12 02:05:43,787 - INFO - Harga belum mencapai Take Profit atau Stop Loss dalam simulasi untuk btcidr. Menunggu...
2025-02-12 02:05:45,897 - INFO - Harga Sekarang (Simulasi): 1575000000.0 | Stop Loss: 1562155970.0 | Take Profit: 1577856029.9999998
2025-02-12 02:05:45,898 - INFO - Harga belum mencapai Take Profit atau Stop Loss dalam simulasi untuk btcidr. Menunggu...
2025-02-12 02:05:47,992 - INFO - Harga Sekarang (Simulasi): 1575000000.0 | Stop Loss: 1562155970.0 | Take Profit: 1577856029.9999998
2025-02-12 02:05:47,993 - INFO - Harga belum mencapai Take Profit atau Stop Loss dalam simulasi untuk btcidr. Menunggu...
2025-02-12 02:05:50,103 - INFO - Harga Sekarang (Simulasi): 1575000000.0 | Stop Loss: 1562155970.0 | Take Profit: 1577856029.9999998
2025-02-12 02:05:50,104 - INFO - Harga belum mencapai Take Profit atau Stop Loss dalam simulasi untuk btcidr. Menunggu...
2025-02-12 02:05:52,202 - INFO - Harga Sekarang (Simulasi): 1575000000.0 | Stop Loss: 1562155970.0 | Take Profit: 1577856029.9999998
2025-02-12 02:05:52,203 - INFO - Harga belum mencapai Take Profit atau Stop Loss dalam simulasi untuk btcidr. Menunggu...
2025-02-12 02:05:54,305 - INFO - Harga Sekarang (Simulasi): 1575000000.0 | Stop Loss: 1562155970.0 | Take Profit: 1577856029.9999998
2025-02-12 02:05:54,305 - INFO - Harga belum mencapai Take Profit atau Stop Loss dalam simulasi untuk btcidr. Menunggu...
2025-02-12 02:05:56,413 - INFO - Harga Sekarang (Simulasi): 1575000000.0 | Stop Loss: 1562155970.0 | Take Profit: 1577856029.9999998
2025-02-12 02:05:56,414 - INFO - Harga belum mencapai Take Profit atau Stop Loss dalam simulasi untuk btcidr. Menunggu...
2025-02-12 02:05:58,523 - INFO - Harga Sekarang (Simulasi): 1575000000.0 | Stop Loss: 1562155970.0 | Take Profit: 1577856029.9999998
2025-02-12 02:05:58,524 - INFO - Harga belum mencapai Take Profit atau Stop Loss dalam simulasi untuk btcidr. Menunggu...
2025-02-12 02:06:00,637 - INFO - Harga Sekarang (Simulasi): 1575000000.0 | Stop Loss: 1562155970.0 | Take Profit: 1577856029.9999998
2025-02-12 02:06:00,637 - INFO - Harga belum mencapai Take Profit atau Stop Loss dalam simulasi untuk btcidr. Menunggu...
2025-02-12 02:06:02,757 - INFO - Harga Sekarang (Simulasi): 1575000000.0 | Stop Loss: 1562155970.0 | Take Profit: 1577856029.9999998
2025-02-12 02:06:02,758 - INFO - Harga belum mencapai Take Profit atau Stop Loss dalam simulasi untuk btcidr. Menunggu...
2025-02-12 02:06:04,864 - INFO - Harga Sekarang (Simulasi): 1575000000.0 | Stop Loss: 1562155970.0 | Take Profit: 1577856029.9999998
2025-02-12 02:06:04,865 - INFO - Harga belum mencapai Take Profit atau Stop Loss dalam simulasi untuk btcidr. Menunggu...
2025-02-12 02:06:06,989 - INFO - Harga Sekarang (Simulasi): 1575000000.0 | Stop Loss: 1562155970.0 | Take Profit: 1577856029.9999998
2025-02-12 02:06:06,989 - INFO - Harga belum mencapai Take Profit atau Stop Loss dalam simulasi untuk btcidr. Menunggu...
2025-02-12 02:06:09,086 - INFO - Harga Sekarang (Simulasi): 1575000000.0 | Stop Loss: 1562155970.0 | Take Profit: 1577856029.9999998
2025-02-12 02:06:09,087 - INFO - Harga belum mencapai Take Profit atau Stop Loss dalam simulasi untuk btcidr. Menunggu...
2025-02-12 02:06:11,188 - INFO - Harga Sekarang (Simulasi): 1575000000.0 | Stop Loss: 1562155970.0 | Take Profit: 1577856029.9999998
2025-02-12 02:06:11,188 - INFO - Harga belum mencapai Take Profit atau Stop Loss dalam simulasi untuk btcidr. Menunggu...
2025-02-12 02:06:13,287 - INFO - Harga Sekarang (Simulasi): 1575000000.0 | Stop Loss: 1562155970.0 | Take Profit: 1577856029.9999998
2025-02-12 02:06:13,287 - INFO - Harga belum mencapai Take Profit atau Stop Loss dalam simulasi untuk btcidr. Menunggu...
2025-02-12 02:06:15,385 - INFO - Harga Sekarang (Simulasi): 1575000000.0 | Stop Loss: 1562155970.0 | Take Profit: 1577856029.9999998
2025-02-12 02:06:15,386 - INFO - Harga belum mencapai Take Profit atau Stop Loss dalam simulasi untuk btcidr. Menunggu...
2025-02-12 02:06:17,661 - INFO - Harga Sekarang (Simulasi): 1575000000.0 | Stop Loss: 1562155970.0 | Take Profit: 1577856029.9999998
2025-02-12 02:06:17,662 - INFO - Harga belum mencapai Take Profit atau Stop Loss dalam simulasi untuk btcidr. Menunggu...
2025-02-12 02:06:19,762 - INFO - Harga Sekarang (Simulasi): 1575000000.0 | Stop Loss: 1562155970.0 | Take Profit: 1577856029.9999998
2025-02-12 02:06:19,762 - INFO - Harga belum mencapai Take Profit atau Stop Loss dalam simulasi untuk btcidr. Menunggu...
2025-02-12 02:06:21,868 - INFO - Harga Sekarang (Simulasi): 1575000000.0 | Stop Loss: 1562155970.0 | Take Profit: 1577856029.9999998
2025-02-12 02:06:21,868 - INFO - Harga belum mencapai Take Profit atau Stop Loss dalam simulasi untuk btcidr. Menunggu...
2025-02-12 02:06:23,960 - INFO - Harga Sekarang (Simulasi): 1575000000.0 | Stop Loss: 1562155970.0 | Take Profit: 1577856029.9999998
2025-02-12 02:06:23,961 - INFO - Harga belum mencapai Take Profit atau Stop Loss dalam simulasi untuk btcidr. Menunggu...
2025-02-12 02:06:26,087 - INFO - Harga Sekarang (Simulasi): 1575000000.0 | Stop Loss: 1562155970.0 | Take Profit: 1577856029.9999998
2025-02-12 02:06:26,087 - INFO - Harga belum mencapai Take Profit atau Stop Loss dalam simulasi untuk btcidr. Menunggu...
2025-02-12 02:06:28,195 - INFO - Harga Sekarang (Simulasi): 1575000000.0 | Stop Loss: 1562155970.0 | Take Profit: 1577856029.9999998
2025-02-12 02:06:28,196 - INFO - Harga belum mencapai Take Profit atau Stop Loss dalam simulasi untuk btcidr. Menunggu...
2025-02-12 02:06:30,422 - INFO - Harga Sekarang (Simulasi): 1575000000.0 | Stop Loss: 1562155970.0 | Take Profit: 1577856029.9999998
2025-02-12 02:06:30,422 - INFO - Harga belum mencapai Take Profit atau Stop Loss dalam simulasi untuk btcidr. Menunggu...
2025-02-12 02:06:32,529 - INFO - Harga Sekarang (Simulasi): 1575000000.0 | Stop Loss: 1562155970.0 | Take Profit: 1577856029.9999998
2025-02-12 02:06:32,529 - INFO - Harga belum mencapai Take Profit atau Stop Loss dalam simulasi untuk btcidr. Menunggu...
2025-02-12 02:06:34,646 - INFO - Harga Sekarang (Simulasi): 1575000000.0 | Stop Loss: 1562155970.0 | Take Profit: 1577856029.9999998
2025-02-12 02:06:34,647 - INFO - Harga belum mencapai Take Profit atau Stop Loss dalam simulasi untuk btcidr. Menunggu...
2025-02-12 02:06:36,761 - INFO - Harga Sekarang (Simulasi): 1575000000.0 | Stop Loss: 1562155970.0 | Take Profit: 1577856029.9999998
2025-02-12 02:06:36,762 - INFO - Harga belum mencapai Take Profit atau Stop Loss dalam simulasi untuk btcidr. Menunggu...
2025-02-12 02:06:38,881 - INFO - Harga Sekarang (Simulasi): 1575000000.0 | Stop Loss: 1562155970.0 | Take Profit: 1577856029.9999998
2025-02-12 02:06:38,881 - INFO - Harga belum mencapai Take Profit atau Stop Loss dalam simulasi untuk btcidr. Menunggu...
2025-02-12 02:06:40,985 - INFO - Harga Sekarang (Simulasi): 1575000000.0 | Stop Loss: 1562155970.0 | Take Profit: 1577856029.9999998
2025-02-12 02:06:40,985 - INFO - Harga belum mencapai Take Profit atau Stop Loss dalam simulasi untuk btcidr. Menunggu...
2025-02-12 02:06:43,090 - INFO - Harga Sekarang (Simulasi): 1575000000.0 | Stop Loss: 1562155970.0 | Take Profit: 1577856029.9999998
2025-02-12 02:06:43,090 - INFO - Harga belum mencapai Take Profit atau Stop Loss dalam simulasi untuk btcidr. Menunggu...
2025-02-12 02:06:45,198 - INFO - Harga Sekarang (Simulasi): 1575000000.0 | Stop Loss: 1562155970.0 | Take Profit: 1577856029.9999998
2025-02-12 02:06:45,198 - INFO - Harga belum mencapai Take Profit atau Stop Loss dalam simulasi untuk btcidr. Menunggu...
2025-02-12 02:06:47,308 - INFO - Harga Sekarang (Simulasi): 1575000000.0 | Stop Loss: 1562155970.0 | Take Profit: 1577856029.9999998
2025-02-12 02:06:47,309 - INFO - Harga belum mencapai Take Profit atau Stop Loss dalam simulasi untuk btcidr. Menunggu...
2025-02-12 02:06:49,415 - INFO - Harga Sekarang (Simulasi): 1575000000.0 | Stop Loss: 1562155970.0 | Take Profit: 1577856029.9999998
2025-02-12 02:06:49,416 - INFO - Harga belum mencapai Take Profit atau Stop Loss dalam simulasi untuk btcidr. Menunggu...
2025-02-12 02:06:51,528 - INFO - Harga Sekarang (Simulasi): 1575000000.0 | Stop Loss: 1562155970.0 | Take Profit: 1577856029.9999998
2025-02-12 02:06:51,528 - INFO - Harga belum mencapai Take Profit atau Stop Loss dalam simulasi untuk btcidr. Menunggu...
2025-02-12 02:06:53,666 - INFO - Harga Sekarang (Simulasi): 1575000000.0 | Stop Loss: 1562155970.0 | Take Profit: 1577856029.9999998
2025-02-12 02:06:53,666 - INFO - Harga belum mencapai Take Profit atau Stop Loss dalam simulasi untuk btcidr. Menunggu...
2025-02-12 02:06:55,764 - INFO - Harga Sekarang (Simulasi): 1575000000.0 | Stop Loss: 1562155970.0 | Take Profit: 1577856029.9999998
2025-02-12 02:06:55,764 - INFO - Harga belum mencapai Take Profit atau Stop Loss dalam simulasi untuk btcidr. Menunggu...
2025-02-12 02:06:57,875 - INFO - Harga Sekarang (Simulasi): 1575000000.0 | Stop Loss: 1562155970.0 | Take Profit: 1577856029.9999998
2025-02-12 02:06:57,876 - INFO - Harga belum mencapai Take Profit atau Stop Loss dalam simulasi untuk btcidr. Menunggu...
2025-02-12 02:06:59,980 - INFO - Harga Sekarang (Simulasi): 1575000000.0 | Stop Loss: 1562155970.0 | Take Profit: 1577856029.9999998
2025-02-12 02:06:59,981 - INFO - Harga belum mencapai Take Profit atau Stop Loss dalam simulasi untuk btcidr. Menunggu...
2025-02-12 02:07:02,083 - INFO - Harga Sekarang (Simulasi): 1575000000.0 | Stop Loss: 1562155970.0 | Take Profit: 1577856029.9999998
2025-02-12 02:07:02,084 - INFO - Harga belum mencapai Take Profit atau Stop Loss dalam simulasi untuk btcidr. Menunggu...
2025-02-12 02:07:04,193 - INFO - Harga Sekarang (Simulasi): 1575000000.0 | Stop Loss: 1562155970.0 | Take Profit: 1577856029.9999998
2025-02-12 02:07:04,193 - INFO - Harga belum mencapai Take Profit atau Stop Loss dalam simulasi untuk btcidr. Menunggu...
2025-02-12 02:07:06,520 - INFO - Harga Sekarang (Simulasi): 1575000000.0 | Stop Loss: 1562155970.0 | Take Profit: 1577856029.9999998
2025-02-12 02:07:06,521 - INFO - Harga belum mencapai Take Profit atau Stop Loss dalam simulasi untuk btcidr. Menunggu...
2025-02-12 02:07:08,630 - INFO - Harga Sekarang (Simulasi): 1575000000.0 | Stop Loss: 1562155970.0 | Take Profit: 1577856029.9999998
2025-02-12 02:07:08,631 - INFO - Harga belum mencapai Take Profit atau Stop Loss dalam simulasi untuk btcidr. Menunggu...
2025-02-12 02:07:10,736 - INFO - Harga Sekarang (Simulasi): 1575000000.0 | Stop Loss: 1562155970.0 | Take Profit: 1577856029.9999998
2025-02-12 02:07:10,737 - INFO - Harga belum mencapai Take Profit atau Stop Loss dalam simulasi untuk btcidr. Menunggu...
2025-02-12 02:07:12,830 - INFO - Harga Sekarang (Simulasi): 1575000000.0 | Stop Loss: 1562155970.0 | Take Profit: 1577856029.9999998
2025-02-12 02:07:12,830 - INFO - Harga belum mencapai Take Profit atau Stop Loss dalam simulasi untuk btcidr. Menunggu...
2025-02-12 02:07:14,941 - INFO - Harga Sekarang (Simulasi): 1575000000.0 | Stop Loss: 1562155970.0 | Take Profit: 1577856029.9999998
2025-02-12 02:07:14,941 - INFO - Harga belum mencapai Take Profit atau Stop Loss dalam simulasi untuk btcidr. Menunggu...
2025-02-12 02:07:17,263 - INFO - Harga Sekarang (Simulasi): 1575000000.0 | Stop Loss: 1562155970.0 | Take Profit: 1577856029.9999998
2025-02-12 02:07:17,264 - INFO - Harga belum mencapai Take Profit atau Stop Loss dalam simulasi untuk btcidr. Menunggu...
2025-02-12 02:07:19,373 - INFO - Harga Sekarang (Simulasi): 1575000000.0 | Stop Loss: 1562155970.0 | Take Profit: 1577856029.9999998
2025-02-12 02:07:19,374 - INFO - Harga belum mencapai Take Profit atau Stop Loss dalam simulasi untuk btcidr. Menunggu...
2025-02-12 02:07:21,482 - INFO - Harga Sekarang (Simulasi): 1575000000.0 | Stop Loss: 1562155970.0 | Take Profit: 1577856029.9999998
2025-02-12 02:07:21,483 - INFO - Harga belum mencapai Take Profit atau Stop Loss dalam simulasi untuk btcidr. Menunggu...
2025-02-12 02:07:23,591 - INFO - Harga Sekarang (Simulasi): 1575000000.0 | Stop Loss: 1562155970.0 | Take Profit: 1577856029.9999998
2025-02-12 02:07:23,592 - INFO - Harga belum mencapai Take Profit atau Stop Loss dalam simulasi untuk btcidr. Menunggu...
2025-02-12 02:07:25,725 - INFO - Harga Sekarang (Simulasi): 1575000000.0 | Stop Loss: 1562155970.0 | Take Profit: 1577856029.9999998
2025-02-12 02:07:25,725 - INFO - Harga belum mencapai Take Profit atau Stop Loss dalam simulasi untuk btcidr. Menunggu...
2025-02-12 02:07:27,840 - INFO - Harga Sekarang (Simulasi): 1575000000.0 | Stop Loss: 1562155970.0 | Take Profit: 1577856029.9999998
2025-02-12 02:07:27,841 - INFO - Harga belum mencapai Take Profit atau Stop Loss dalam simulasi untuk btcidr. Menunggu...
2025-02-12 02:07:29,937 - INFO - Harga Sekarang (Simulasi): 1575000000.0 | Stop Loss: 1562155970.0 | Take Profit: 1577856029.9999998
2025-02-12 02:07:29,938 - INFO - Harga belum mencapai Take Profit atau Stop Loss dalam simulasi untuk btcidr. Menunggu...
2025-02-12 02:07:32,031 - INFO - Harga Sekarang (Simulasi): 1575000000.0 | Stop Loss: 1562155970.0 | Take Profit: 1577856029.9999998
2025-02-12 02:07:32,031 - INFO - Harga belum mencapai Take Profit atau Stop Loss dalam simulasi untuk btcidr. Menunggu...
2025-02-12 02:07:34,134 - INFO - Harga Sekarang (Simulasi): 1575000000.0 | Stop Loss: 1562155970.0 | Take Profit: 1577856029.9999998
2025-02-12 02:07:34,135 - INFO - Harga belum mencapai Take Profit atau Stop Loss dalam simulasi untuk btcidr. Menunggu...
2025-02-12 02:07:36,235 - INFO - Harga Sekarang (Simulasi): 1575000000.0 | Stop Loss: 1562155970.0 | Take Profit: 1577856029.9999998
2025-02-12 02:07:36,235 - INFO - Harga belum mencapai Take Profit atau Stop Loss dalam simulasi untuk btcidr. Menunggu...
2025-02-12 02:07:38,328 - INFO - Harga Sekarang (Simulasi): 1575000000.0 | Stop Loss: 1562155970.0 | Take Profit: 1577856029.9999998
2025-02-12 02:07:38,330 - INFO - Harga belum mencapai Take Profit atau Stop Loss dalam simulasi untuk btcidr. Menunggu...
2025-02-12 02:07:40,424 - INFO - Harga Sekarang (Simulasi): 1575000000.0 | Stop Loss: 1562155970.0 | Take Profit: 1577856029.9999998
2025-02-12 02:07:40,424 - INFO - Harga belum mencapai Take Profit atau Stop Loss dalam simulasi untuk btcidr. Menunggu...
2025-02-12 02:07:42,534 - INFO - Harga Sekarang (Simulasi): 1575000000.0 | Stop Loss: 1562155970.0 | Take Profit: 1577856029.9999998
2025-02-12 02:07:42,535 - INFO - Harga belum mencapai Take Profit atau Stop Loss dalam simulasi untuk btcidr. Menunggu...
2025-02-12 02:07:44,637 - INFO - Harga Sekarang (Simulasi): 1575000000.0 | Stop Loss: 1562155970.0 | Take Profit: 1577856029.9999998
2025-02-12 02:07:44,637 - INFO - Harga belum mencapai Take Profit atau Stop Loss dalam simulasi untuk btcidr. Menunggu...
2025-02-12 02:07:46,980 - INFO - Harga Sekarang (Simulasi): 1575000000.0 | Stop Loss: 1562155970.0 | Take Profit: 1577856029.9999998
2025-02-12 02:07:46,980 - INFO - Harga belum mencapai Take Profit atau Stop Loss dalam simulasi untuk btcidr. Menunggu...
2025-02-12 02:07:49,093 - INFO - Harga Sekarang (Simulasi): 1575000000.0 | Stop Loss: 1562155970.0 | Take Profit: 1577856029.9999998
2025-02-12 02:07:49,093 - INFO - Harga belum mencapai Take Profit atau Stop Loss dalam simulasi untuk btcidr. Menunggu...
2025-02-12 02:07:51,196 - INFO - Harga Sekarang (Simulasi): 1575000000.0 | Stop Loss: 1562155970.0 | Take Profit: 1577856029.9999998
2025-02-12 02:07:51,196 - INFO - Harga belum mencapai Take Profit atau Stop Loss dalam simulasi untuk btcidr. Menunggu...
2025-02-12 02:07:53,332 - INFO - Harga Sekarang (Simulasi): 1575000000.0 | Stop Loss: 1562155970.0 | Take Profit: 1577856029.9999998
2025-02-12 02:07:53,332 - INFO - Harga belum mencapai Take Profit atau Stop Loss dalam simulasi untuk btcidr. Menunggu...
2025-02-12 02:07:55,441 - INFO - Harga Sekarang (Simulasi): 1575000000.0 | Stop Loss: 1562155970.0 | Take Profit: 1577856029.9999998
2025-02-12 02:07:55,442 - INFO - Harga belum mencapai Take Profit atau Stop Loss dalam simulasi untuk btcidr. Menunggu...
2025-02-12 02:07:57,541 - INFO - Harga Sekarang (Simulasi): 1575000000.0 | Stop Loss: 1562155970.0 | Take Profit: 1577856029.9999998
2025-02-12 02:07:57,542 - INFO - Harga belum mencapai Take Profit atau Stop Loss dalam simulasi untuk btcidr. Menunggu...
2025-02-12 02:07:59,659 - INFO - Harga Sekarang (Simulasi): 1575000000.0 | Stop Loss: 1562155970.0 | Take Profit: 1577856029.9999998
2025-02-12 02:07:59,660 - INFO - Harga belum mencapai Take Profit atau Stop Loss dalam simulasi untuk btcidr. Menunggu...
2025-02-12 02:08:01,761 - INFO - Harga Sekarang (Simulasi): 1575000000.0 | Stop Loss: 1562155970.0 | Take Profit: 1577856029.9999998
2025-02-12 02:08:01,761 - INFO - Harga belum mencapai Take Profit atau Stop Loss dalam simulasi untuk btcidr. Menunggu...
2025-02-12 02:08:03,857 - INFO - Harga Sekarang (Simulasi): 1575000000.0 | Stop Loss: 1562155970.0 | Take Profit: 1577856029.9999998
2025-02-12 02:08:03,857 - INFO - Harga belum mencapai Take Profit atau Stop Loss dalam simulasi untuk btcidr. Menunggu...
2025-02-12 02:08:05,954 - INFO - Harga Sekarang (Simulasi): 1575000000.0 | Stop Loss: 1562155970.0 | Take Profit: 1577856029.9999998
2025-02-12 02:08:05,954 - INFO - Harga belum mencapai Take Profit atau Stop Loss dalam simulasi untuk btcidr. Menunggu...
2025-02-12 02:08:08,053 - INFO - Harga Sekarang (Simulasi): 1575000000.0 | Stop Loss: 1562155970.0 | Take Profit: 1577856029.9999998
2025-02-12 02:08:08,054 - INFO - Harga belum mencapai Take Profit atau Stop Loss dalam simulasi untuk btcidr. Menunggu...
2025-02-12 02:08:10,177 - INFO - Harga Sekarang (Simulasi): 1575000000.0 | Stop Loss: 1562155970.0 | Take Profit: 1577856029.9999998
2025-02-12 02:08:10,177 - INFO - Harga belum mencapai Take Profit atau Stop Loss dalam simulasi untuk btcidr. Menunggu...
2025-02-12 02:08:12,273 - INFO - Harga Sekarang (Simulasi): 1575000000.0 | Stop Loss: 1562155970.0 | Take Profit: 1577856029.9999998
2025-02-12 02:08:12,273 - INFO - Harga belum mencapai Take Profit atau Stop Loss dalam simulasi untuk btcidr. Menunggu...
2025-02-12 02:08:14,372 - INFO - Harga Sekarang (Simulasi): 1575000000.0 | Stop Loss: 1562155970.0 | Take Profit: 1577856029.9999998
2025-02-12 02:08:14,372 - INFO - Harga belum mencapai Take Profit atau Stop Loss dalam simulasi untuk btcidr. Menunggu...
2025-02-12 02:08:16,694 - INFO - Harga Sekarang (Simulasi): 1575000000.0 | Stop Loss: 1562155970.0 | Take Profit: 1577856029.9999998
2025-02-12 02:08:16,695 - INFO - Harga belum mencapai Take Profit atau Stop Loss dalam simulasi untuk btcidr. Menunggu...
2025-02-12 02:08:18,792 - INFO - Harga Sekarang (Simulasi): 1575000000.0 | Stop Loss: 1562155970.0 | Take Profit: 1577856029.9999998
2025-02-12 02:08:18,792 - INFO - Harga belum mencapai Take Profit atau Stop Loss dalam simulasi untuk btcidr. Menunggu...
2025-02-12 02:08:20,886 - INFO - Harga Sekarang (Simulasi): 1575000000.0 | Stop Loss: 1562155970.0 | Take Profit: 1577856029.9999998
2025-02-12 02:08:20,886 - INFO - Harga belum mencapai Take Profit atau Stop Loss dalam simulasi untuk btcidr. Menunggu...
2025-02-12 02:08:23,215 - INFO - Harga Sekarang (Simulasi): 1575000000.0 | Stop Loss: 1562155970.0 | Take Profit: 1577856029.9999998
2025-02-12 02:08:23,216 - INFO - Harga belum mencapai Take Profit atau Stop Loss dalam simulasi untuk btcidr. Menunggu...
2025-02-12 02:08:25,308 - INFO - Harga Sekarang (Simulasi): 1575000000.0 | Stop Loss: 1562155970.0 | Take Profit: 1577856029.9999998
2025-02-12 02:08:25,308 - INFO - Harga belum mencapai Take Profit atau Stop Loss dalam simulasi untuk btcidr. Menunggu...
2025-02-12 02:08:27,402 - INFO - Harga Sekarang (Simulasi): 1575000000.0 | Stop Loss: 1562155970.0 | Take Profit: 1577856029.9999998
2025-02-12 02:08:27,403 - INFO - Harga belum mencapai Take Profit atau Stop Loss dalam simulasi untuk btcidr. Menunggu...
2025-02-12 02:08:29,504 - INFO - Harga Sekarang (Simulasi): 1575000000.0 | Stop Loss: 1562155970.0 | Take Profit: 1577856029.9999998
2025-02-12 02:08:29,504 - INFO - Harga belum mencapai Take Profit atau Stop Loss dalam simulasi untuk btcidr. Menunggu...
2025-02-12 02:08:31,598 - INFO - Harga Sekarang (Simulasi): 1575000000.0 | Stop Loss: 1562155970.0 | Take Profit: 1577856029.9999998
2025-02-12 02:08:31,598 - INFO - Harga belum mencapai Take Profit atau Stop Loss dalam simulasi untuk btcidr. Menunggu...
2025-02-12 02:08:33,699 - INFO - Harga Sekarang (Simulasi): 1575000000.0 | Stop Loss: 1562155970.0 | Take Profit: 1577856029.9999998
2025-02-12 02:08:33,699 - INFO - Harga belum mencapai Take Profit atau Stop Loss dalam simulasi untuk btcidr. Menunggu...
2025-02-12 02:08:35,797 - INFO - Harga Sekarang (Simulasi): 1575000000.0 | Stop Loss: 1562155970.0 | Take Profit: 1577856029.9999998
2025-02-12 02:08:35,798 - INFO - Harga belum mencapai Take Profit atau Stop Loss dalam simulasi untuk btcidr. Menunggu...
2025-02-12 02:08:37,891 - INFO - Harga Sekarang (Simulasi): 1575000000.0 | Stop Loss: 1562155970.0 | Take Profit: 1577856029.9999998
2025-02-12 02:08:37,892 - INFO - Harga belum mencapai Take Profit atau Stop Loss dalam simulasi untuk btcidr. Menunggu...
2025-02-12 02:08:39,985 - INFO - Harga Sekarang (Simulasi): 1575000000.0 | Stop Loss: 1562155970.0 | Take Profit: 1577856029.9999998
2025-02-12 02:08:39,985 - INFO - Harga belum mencapai Take Profit atau Stop Loss dalam simulasi untuk btcidr. Menunggu...
2025-02-12 02:08:42,092 - INFO - Harga Sekarang (Simulasi): 1575000000.0 | Stop Loss: 1562155970.0 | Take Profit: 1577856029.9999998
2025-02-12 02:08:42,092 - INFO - Harga belum mencapai Take Profit atau Stop Loss dalam simulasi untuk btcidr. Menunggu...
2025-02-12 02:08:44,217 - INFO - Harga Sekarang (Simulasi): 1575000000.0 | Stop Loss: 1562155970.0 | Take Profit: 1577856029.9999998
2025-02-12 02:08:44,217 - INFO - Harga belum mencapai Take Profit atau Stop Loss dalam simulasi untuk btcidr. Menunggu...
2025-02-12 02:08:46,328 - INFO - Harga Sekarang (Simulasi): 1575000000.0 | Stop Loss: 1562155970.0 | Take Profit: 1577856029.9999998
2025-02-12 02:08:46,330 - INFO - Harga belum mencapai Take Profit atau Stop Loss dalam simulasi untuk btcidr. Menunggu...
2025-02-12 02:08:48,654 - INFO - Harga Sekarang (Simulasi): 1575000000.0 | Stop Loss: 1562155970.0 | Take Profit: 1577856029.9999998
2025-02-12 02:08:48,654 - INFO - Harga belum mencapai Take Profit atau Stop Loss dalam simulasi untuk btcidr. Menunggu...
2025-02-12 02:08:50,744 - INFO - Harga Sekarang (Simulasi): 1575000000.0 | Stop Loss: 1562155970.0 | Take Profit: 1577856029.9999998
2025-02-12 02:08:50,745 - INFO - Harga belum mencapai Take Profit atau Stop Loss dalam simulasi untuk btcidr. Menunggu...
2025-02-12 02:08:52,853 - INFO - Harga Sekarang (Simulasi): 1575000000.0 | Stop Loss: 1562155970.0 | Take Profit: 1577856029.9999998
2025-02-12 02:08:52,854 - INFO - Harga belum mencapai Take Profit atau Stop Loss dalam simulasi untuk btcidr. Menunggu...
2025-02-12 02:08:54,983 - INFO - Harga Sekarang (Simulasi): 1575000000.0 | Stop Loss: 1562155970.0 | Take Profit: 1577856029.9999998
2025-02-12 02:08:54,983 - INFO - Harga belum mencapai Take Profit atau Stop Loss dalam simulasi untuk btcidr. Menunggu...
2025-02-12 02:08:57,303 - INFO - Harga Sekarang (Simulasi): 1575000000.0 | Stop Loss: 1562155970.0 | Take Profit: 1577856029.9999998
2025-02-12 02:08:57,304 - INFO - Harga belum mencapai Take Profit atau Stop Loss dalam simulasi untuk btcidr. Menunggu...
2025-02-12 02:08:59,610 - INFO - Harga Sekarang (Simulasi): 1575000000.0 | Stop Loss: 1562155970.0 | Take Profit: 1577856029.9999998
2025-02-12 02:08:59,610 - INFO - Harga belum mencapai Take Profit atau Stop Loss dalam simulasi untuk btcidr. Menunggu...
2025-02-12 02:09:01,708 - INFO - Harga Sekarang (Simulasi): 1575000000.0 | Stop Loss: 1562155970.0 | Take Profit: 1577856029.9999998
2025-02-12 02:09:01,708 - INFO - Harga belum mencapai Take Profit atau Stop Loss dalam simulasi untuk btcidr. Menunggu...
2025-02-12 02:09:03,804 - INFO - Harga Sekarang (Simulasi): 1575000000.0 | Stop Loss: 1562155970.0 | Take Profit: 1577856029.9999998
2025-02-12 02:09:03,805 - INFO - Harga belum mencapai Take Profit atau Stop Loss dalam simulasi untuk btcidr. Menunggu...
2025-02-12 02:09:05,905 - INFO - Harga Sekarang (Simulasi): 1575000000.0 | Stop Loss: 1562155970.0 | Take Profit: 1577856029.9999998
2025-02-12 02:09:05,905 - INFO - Harga belum mencapai Take Profit atau Stop Loss dalam simulasi untuk btcidr. Menunggu...
2025-02-12 02:09:08,060 - INFO - Harga Sekarang (Simulasi): 1575000000.0 | Stop Loss: 1562155970.0 | Take Profit: 1577856029.9999998
2025-02-12 02:09:08,060 - INFO - Harga belum mencapai Take Profit atau Stop Loss dalam simulasi untuk btcidr. Menunggu...
2025-02-12 02:09:10,151 - INFO - Harga Sekarang (Simulasi): 1575000000.0 | Stop Loss: 1562155970.0 | Take Profit: 1577856029.9999998
2025-02-12 02:09:10,152 - INFO - Harga belum mencapai Take Profit atau Stop Loss dalam simulasi untuk btcidr. Menunggu...
2025-02-12 02:09:12,252 - INFO - Harga Sekarang (Simulasi): 1575000000.0 | Stop Loss: 1562155970.0 | Take Profit: 1577856029.9999998
2025-02-12 02:09:12,252 - INFO - Harga belum mencapai Take Profit atau Stop Loss dalam simulasi untuk btcidr. Menunggu...
2025-02-12 02:09:14,353 - INFO - Harga Sekarang (Simulasi): 1575000000.0 | Stop Loss: 1562155970.0 | Take Profit: 1577856029.9999998
2025-02-12 02:09:14,354 - INFO - Harga belum mencapai Take Profit atau Stop Loss dalam simulasi untuk btcidr. Menunggu...
2025-02-12 02:09:16,453 - INFO - Harga Sekarang (Simulasi): 1575000000.0 | Stop Loss: 1562155970.0 | Take Profit: 1577856029.9999998
2025-02-12 02:09:16,454 - INFO - Harga belum mencapai Take Profit atau Stop Loss dalam simulasi untuk btcidr. Menunggu...
2025-02-12 02:09:18,545 - INFO - Harga Sekarang (Simulasi): 1575000000.0 | Stop Loss: 1562155970.0 | Take Profit: 1577856029.9999998
2025-02-12 02:09:18,546 - INFO - Harga belum mencapai Take Profit atau Stop Loss dalam simulasi untuk btcidr. Menunggu...
2025-02-12 02:09:20,642 - INFO - Harga Sekarang (Simulasi): 1575000000.0 | Stop Loss: 1562155970.0 | Take Profit: 1577856029.9999998
2025-02-12 02:09:20,642 - INFO - Harga belum mencapai Take Profit atau Stop Loss dalam simulasi untuk btcidr. Menunggu...
2025-02-12 02:09:22,746 - INFO - Harga Sekarang (Simulasi): 1575000000.0 | Stop Loss: 1562155970.0 | Take Profit: 1577856029.9999998
2025-02-12 02:09:22,747 - INFO - Harga belum mencapai Take Profit atau Stop Loss dalam simulasi untuk btcidr. Menunggu...
2025-02-12 02:09:24,847 - INFO - Harga Sekarang (Simulasi): 1575000000.0 | Stop Loss: 1562155970.0 | Take Profit: 1577856029.9999998
2025-02-12 02:09:24,848 - INFO - Harga belum mencapai Take Profit atau Stop Loss dalam simulasi untuk btcidr. Menunggu...
2025-02-12 02:09:26,953 - INFO - Harga Sekarang (Simulasi): 1575000000.0 | Stop Loss: 1562155970.0 | Take Profit: 1577856029.9999998
2025-02-12 02:09:26,954 - INFO - Harga belum mencapai Take Profit atau Stop Loss dalam simulasi untuk btcidr. Menunggu...
2025-02-12 02:09:29,295 - INFO - Harga Sekarang (Simulasi): 1575000000.0 | Stop Loss: 1562155970.0 | Take Profit: 1577856029.9999998
2025-02-12 02:09:29,296 - INFO - Harga belum mencapai Take Profit atau Stop Loss dalam simulasi untuk btcidr. Menunggu...
2025-02-12 02:09:31,388 - INFO - Harga Sekarang (Simulasi): 1575000000.0 | Stop Loss: 1562155970.0 | Take Profit: 1577856029.9999998
2025-02-12 02:09:31,389 - INFO - Harga belum mencapai Take Profit atau Stop Loss dalam simulasi untuk btcidr. Menunggu...
2025-02-12 02:09:33,481 - INFO - Harga Sekarang (Simulasi): 1575000000.0 | Stop Loss: 1562155970.0 | Take Profit: 1577856029.9999998
2025-02-12 02:09:33,481 - INFO - Harga belum mencapai Take Profit atau Stop Loss dalam simulasi untuk btcidr. Menunggu...
2025-02-12 02:09:35,577 - INFO - Harga Sekarang (Simulasi): 1575000000.0 | Stop Loss: 1562155970.0 | Take Profit: 1577856029.9999998
2025-02-12 02:09:35,578 - INFO - Harga belum mencapai Take Profit atau Stop Loss dalam simulasi untuk btcidr. Menunggu...
2025-02-12 02:09:37,675 - INFO - Harga Sekarang (Simulasi): 1575000000.0 | Stop Loss: 1562155970.0 | Take Profit: 1577856029.9999998
2025-02-12 02:09:37,675 - INFO - Harga belum mencapai Take Profit atau Stop Loss dalam simulasi untuk btcidr. Menunggu...
2025-02-12 02:09:39,778 - INFO - Harga Sekarang (Simulasi): 1575000000.0 | Stop Loss: 1562155970.0 | Take Profit: 1577856029.9999998
2025-02-12 02:09:39,778 - INFO - Harga belum mencapai Take Profit atau Stop Loss dalam simulasi untuk btcidr. Menunggu...
2025-02-12 02:09:41,866 - INFO - Harga Sekarang (Simulasi): 1575000000.0 | Stop Loss: 1562155970.0 | Take Profit: 1577856029.9999998
2025-02-12 02:09:41,866 - INFO - Harga belum mencapai Take Profit atau Stop Loss dalam simulasi untuk btcidr. Menunggu...
2025-02-12 02:09:43,974 - INFO - Harga Sekarang (Simulasi): 1575000000.0 | Stop Loss: 1562155970.0 | Take Profit: 1577856029.9999998
2025-02-12 02:09:43,975 - INFO - Harga belum mencapai Take Profit atau Stop Loss dalam simulasi untuk btcidr. Menunggu...
2025-02-12 02:11:06,361 - INFO - Prediksi AI untuk btcidr: 1575000630.3428347 | Harga Saat Ini: 1570006000.0 | RSI: 48.058003335001445 | SMA: 1570006800.0 | BB Upper: 1570007599.9940746 | BB Lower: 1570006000.0059254
2025-02-12 02:11:06,362 - INFO - AI memprediksi harga akan naik dalam simulasi untuk btcidr. Melanjutkan trading.
2025-02-12 02:11:06,461 - INFO - Harga Sekarang (Simulasi): 1575000000.0 | Stop Loss: 1562155970.0 | Take Profit: 1577856029.9999998
2025-02-12 02:11:06,462 - INFO - Harga belum mencapai Take Profit atau Stop Loss dalam simulasi untuk btcidr. Menunggu...
2025-02-12 02:11:08,563 - INFO - Harga Sekarang (Simulasi): 1575000000.0 | Stop Loss: 1562155970.0 | Take Profit: 1577856029.9999998
2025-02-12 02:11:08,564 - INFO - Harga belum mencapai Take Profit atau Stop Loss dalam simulasi untuk btcidr. Menunggu...
2025-02-12 02:11:10,667 - INFO - Harga Sekarang (Simulasi): 1575000000.0 | Stop Loss: 1562155970.0 | Take Profit: 1577856029.9999998
2025-02-12 02:11:10,667 - INFO - Harga belum mencapai Take Profit atau Stop Loss dalam simulasi untuk btcidr. Menunggu...
2025-02-12 02:11:12,780 - INFO - Harga Sekarang (Simulasi): 1575000000.0 | Stop Loss: 1562155970.0 | Take Profit: 1577856029.9999998
2025-02-12 02:11:12,780 - INFO - Harga belum mencapai Take Profit atau Stop Loss dalam simulasi untuk btcidr. Menunggu...
2025-02-12 02:11:14,892 - INFO - Harga Sekarang (Simulasi): 1575000000.0 | Stop Loss: 1562155970.0 | Take Profit: 1577856029.9999998
2025-02-12 02:11:14,892 - INFO - Harga belum mencapai Take Profit atau Stop Loss dalam simulasi untuk btcidr. Menunggu...
2025-02-12 02:11:17,003 - INFO - Harga Sekarang (Simulasi): 1575000000.0 | Stop Loss: 1562155970.0 | Take Profit: 1577856029.9999998
2025-02-12 02:11:17,003 - INFO - Harga belum mencapai Take Profit atau Stop Loss dalam simulasi untuk btcidr. Menunggu...
2025-02-12 02:11:19,102 - INFO - Harga Sekarang (Simulasi): 1575000000.0 | Stop Loss: 1562155970.0 | Take Profit: 1577856029.9999998
2025-02-12 02:11:19,102 - INFO - Harga belum mencapai Take Profit atau Stop Loss dalam simulasi untuk btcidr. Menunggu...
2025-02-12 02:11:21,209 - INFO - Harga Sekarang (Simulasi): 1575000000.0 | Stop Loss: 1562155970.0 | Take Profit: 1577856029.9999998
2025-02-12 02:11:21,210 - INFO - Harga belum mencapai Take Profit atau Stop Loss dalam simulasi untuk btcidr. Menunggu...
2025-02-12 02:11:23,535 - INFO - Harga Sekarang (Simulasi): 1575000000.0 | Stop Loss: 1562155970.0 | Take Profit: 1577856029.9999998
2025-02-12 02:11:23,536 - INFO - Harga belum mencapai Take Profit atau Stop Loss dalam simulasi untuk btcidr. Menunggu...
2025-02-12 02:11:25,651 - INFO - Harga Sekarang (Simulasi): 1575000000.0 | Stop Loss: 1562155970.0 | Take Profit: 1577856029.9999998
2025-02-12 02:11:25,651 - INFO - Harga belum mencapai Take Profit atau Stop Loss dalam simulasi untuk btcidr. Menunggu...
2025-02-12 02:11:27,754 - INFO - Harga Sekarang (Simulasi): 1575000000.0 | Stop Loss: 1562155970.0 | Take Profit: 1577856029.9999998
2025-02-12 02:11:27,754 - INFO - Harga belum mencapai Take Profit atau Stop Loss dalam simulasi untuk btcidr. Menunggu...
2025-02-12 02:11:29,861 - INFO - Harga Sekarang (Simulasi): 1575000000.0 | Stop Loss: 1562155970.0 | Take Profit: 1577856029.9999998
2025-02-12 02:11:29,862 - INFO - Harga belum mencapai Take Profit atau Stop Loss dalam simulasi untuk btcidr. Menunggu...
2025-02-12 02:11:31,964 - INFO - Harga Sekarang (Simulasi): 1575000000.0 | Stop Loss: 1562155970.0 | Take Profit: 1577856029.9999998
2025-02-12 02:11:31,965 - INFO - Harga belum mencapai Take Profit atau Stop Loss dalam simulasi untuk btcidr. Menunggu...
2025-02-12 02:11:34,069 - INFO - Harga Sekarang (Simulasi): 1575000000.0 | Stop Loss: 1562155970.0 | Take Profit: 1577856029.9999998
2025-02-12 02:11:34,069 - INFO - Harga belum mencapai Take Profit atau Stop Loss dalam simulasi untuk btcidr. Menunggu...
2025-02-12 02:11:36,175 - INFO - Harga Sekarang (Simulasi): 1575000000.0 | Stop Loss: 1562155970.0 | Take Profit: 1577856029.9999998
2025-02-12 02:11:36,176 - INFO - Harga belum mencapai Take Profit atau Stop Loss dalam simulasi untuk btcidr. Menunggu...
2025-02-12 02:11:38,286 - INFO - Harga Sekarang (Simulasi): 1575000000.0 | Stop Loss: 1562155970.0 | Take Profit: 1577856029.9999998
2025-02-12 02:11:38,287 - INFO - Harga belum mencapai Take Profit atau Stop Loss dalam simulasi untuk btcidr. Menunggu...
2025-02-12 02:11:40,393 - INFO - Harga Sekarang (Simulasi): 1575000000.0 | Stop Loss: 1562155970.0 | Take Profit: 1577856029.9999998
2025-02-12 02:11:40,394 - INFO - Harga belum mencapai Take Profit atau Stop Loss dalam simulasi untuk btcidr. Menunggu...
2025-02-12 02:11:42,497 - INFO - Harga Sekarang (Simulasi): 1575000000.0 | Stop Loss: 1562155970.0 | Take Profit: 1577856029.9999998
2025-02-12 02:11:42,497 - INFO - Harga belum mencapai Take Profit atau Stop Loss dalam simulasi untuk btcidr. Menunggu...
2025-02-12 02:11:44,609 - INFO - Harga Sekarang (Simulasi): 1574999000.0 | Stop Loss: 1562155970.0 | Take Profit: 1577856029.9999998
2025-02-12 02:11:44,610 - INFO - Harga belum mencapai Take Profit atau Stop Loss dalam simulasi untuk btcidr. Menunggu...
2025-02-12 02:11:46,728 - INFO - Harga Sekarang (Simulasi): 1574999000.0 | Stop Loss: 1562155970.0 | Take Profit: 1577856029.9999998
2025-02-12 02:11:46,728 - INFO - Harga belum mencapai Take Profit atau Stop Loss dalam simulasi untuk btcidr. Menunggu...
2025-02-12 02:11:48,844 - INFO - Harga Sekarang (Simulasi): 1574999000.0 | Stop Loss: 1562155970.0 | Take Profit: 1577856029.9999998
2025-02-12 02:11:48,844 - INFO - Harga belum mencapai Take Profit atau Stop Loss dalam simulasi untuk btcidr. Menunggu...
2025-02-12 02:11:50,957 - INFO - Harga Sekarang (Simulasi): 1574999000.0 | Stop Loss: 1562155970.0 | Take Profit: 1577856029.9999998
2025-02-12 02:11:50,957 - INFO - Harga belum mencapai Take Profit atau Stop Loss dalam simulasi untuk btcidr. Menunggu...
2025-02-12 02:11:53,058 - INFO - Harga Sekarang (Simulasi): 1574999000.0 | Stop Loss: 1562155970.0 | Take Profit: 1577856029.9999998
2025-02-12 02:11:53,059 - INFO - Harga belum mencapai Take Profit atau Stop Loss dalam simulasi untuk btcidr. Menunggu...
2025-02-12 02:11:55,397 - INFO - Harga Sekarang (Simulasi): 1574999000.0 | Stop Loss: 1562155970.0 | Take Profit: 1577856029.9999998
2025-02-12 02:11:55,397 - INFO - Harga belum mencapai Take Profit atau Stop Loss dalam simulasi untuk btcidr. Menunggu...
2025-02-12 02:11:57,488 - INFO - Harga Sekarang (Simulasi): 1574999000.0 | Stop Loss: 1562155970.0 | Take Profit: 1577856029.9999998
2025-02-12 02:11:57,488 - INFO - Harga belum mencapai Take Profit atau Stop Loss dalam simulasi untuk btcidr. Menunggu...
2025-02-12 02:11:59,604 - INFO - Harga Sekarang (Simulasi): 1574999000.0 | Stop Loss: 1562155970.0 | Take Profit: 1577856029.9999998
2025-02-12 02:11:59,605 - INFO - Harga belum mencapai Take Profit atau Stop Loss dalam simulasi untuk btcidr. Menunggu...
2025-02-12 02:12:01,713 - INFO - Harga Sekarang (Simulasi): 1574999000.0 | Stop Loss: 1562155970.0 | Take Profit: 1577856029.9999998
2025-02-12 02:12:01,713 - INFO - Harga belum mencapai Take Profit atau Stop Loss dalam simulasi untuk btcidr. Menunggu...
2025-02-12 02:12:03,827 - INFO - Harga Sekarang (Simulasi): 1574999000.0 | Stop Loss: 1562155970.0 | Take Profit: 1577856029.9999998
2025-02-12 02:12:03,828 - INFO - Harga belum mencapai Take Profit atau Stop Loss dalam simulasi untuk btcidr. Menunggu...
2025-02-12 02:12:05,952 - INFO - Harga Sekarang (Simulasi): 1574999000.0 | Stop Loss: 1562155970.0 | Take Profit: 1577856029.9999998
2025-02-12 02:12:05,953 - INFO - Harga belum mencapai Take Profit atau Stop Loss dalam simulasi untuk btcidr. Menunggu...
2025-02-12 02:12:08,065 - INFO - Harga Sekarang (Simulasi): 1574999000.0 | Stop Loss: 1562155970.0 | Take Profit: 1577856029.9999998
2025-02-12 02:12:08,066 - INFO - Harga belum mencapai Take Profit atau Stop Loss dalam simulasi untuk btcidr. Menunggu...
2025-02-12 02:12:10,170 - INFO - Harga Sekarang (Simulasi): 1574999000.0 | Stop Loss: 1562155970.0 | Take Profit: 1577856029.9999998
2025-02-12 02:12:10,170 - INFO - Harga belum mencapai Take Profit atau Stop Loss dalam simulasi untuk btcidr. Menunggu...
2025-02-12 02:12:12,286 - INFO - Harga Sekarang (Simulasi): 1574999000.0 | Stop Loss: 1562155970.0 | Take Profit: 1577856029.9999998
2025-02-12 02:12:12,286 - INFO - Harga belum mencapai Take Profit atau Stop Loss dalam simulasi untuk btcidr. Menunggu...
2025-02-12 02:12:14,394 - INFO - Harga Sekarang (Simulasi): 1574999000.0 | Stop Loss: 1562155970.0 | Take Profit: 1577856029.9999998
2025-02-12 02:12:14,394 - INFO - Harga belum mencapai Take Profit atau Stop Loss dalam simulasi untuk btcidr. Menunggu...
2025-02-12 02:12:16,509 - INFO - Harga Sekarang (Simulasi): 1574999000.0 | Stop Loss: 1562155970.0 | Take Profit: 1577856029.9999998
2025-02-12 02:12:16,510 - INFO - Harga belum mencapai Take Profit atau Stop Loss dalam simulasi untuk btcidr. Menunggu...
2025-02-12 02:12:18,618 - INFO - Harga Sekarang (Simulasi): 1574999000.0 | Stop Loss: 1562155970.0 | Take Profit: 1577856029.9999998
2025-02-12 02:12:18,619 - INFO - Harga belum mencapai Take Profit atau Stop Loss dalam simulasi untuk btcidr. Menunggu...
2025-02-12 02:12:20,713 - INFO - Harga Sekarang (Simulasi): 1574999000.0 | Stop Loss: 1562155970.0 | Take Profit: 1577856029.9999998
2025-02-12 02:12:20,714 - INFO - Harga belum mencapai Take Profit atau Stop Loss dalam simulasi untuk btcidr. Menunggu...
2025-02-12 02:12:22,835 - INFO - Harga Sekarang (Simulasi): 1574999000.0 | Stop Loss: 1562155970.0 | Take Profit: 1577856029.9999998
2025-02-12 02:12:22,836 - INFO - Harga belum mencapai Take Profit atau Stop Loss dalam simulasi untuk btcidr. Menunggu...
2025-02-12 02:12:24,941 - INFO - Harga Sekarang (Simulasi): 1574999000.0 | Stop Loss: 1562155970.0 | Take Profit: 1577856029.9999998
2025-02-12 02:12:24,942 - INFO - Harga belum mencapai Take Profit atau Stop Loss dalam simulasi untuk btcidr. Menunggu...
2025-02-12 02:12:27,048 - INFO - Harga Sekarang (Simulasi): 1574999000.0 | Stop Loss: 1562155970.0 | Take Profit: 1577856029.9999998
2025-02-12 02:12:27,049 - INFO - Harga belum mencapai Take Profit atau Stop Loss dalam simulasi untuk btcidr. Menunggu...
2025-02-12 02:12:29,152 - INFO - Harga Sekarang (Simulasi): 1574999000.0 | Stop Loss: 1562155970.0 | Take Profit: 1577856029.9999998
2025-02-12 02:12:29,153 - INFO - Harga belum mencapai Take Profit atau Stop Loss dalam simulasi untuk btcidr. Menunggu...
2025-02-12 02:12:31,454 - INFO - Harga Sekarang (Simulasi): 1574999000.0 | Stop Loss: 1562155970.0 | Take Profit: 1577856029.9999998
2025-02-12 02:12:31,454 - INFO - Harga belum mencapai Take Profit atau Stop Loss dalam simulasi untuk btcidr. Menunggu...
2025-02-12 02:12:33,569 - INFO - Harga Sekarang (Simulasi): 1574999000.0 | Stop Loss: 1562155970.0 | Take Profit: 1577856029.9999998
2025-02-12 02:12:33,569 - INFO - Harga belum mencapai Take Profit atau Stop Loss dalam simulasi untuk btcidr. Menunggu...
2025-02-12 02:12:35,672 - INFO - Harga Sekarang (Simulasi): 1574999000.0 | Stop Loss: 1562155970.0 | Take Profit: 1577856029.9999998
2025-02-12 02:12:35,673 - INFO - Harga belum mencapai Take Profit atau Stop Loss dalam simulasi untuk btcidr. Menunggu...
2025-02-12 02:12:37,773 - INFO - Harga Sekarang (Simulasi): 1574999000.0 | Stop Loss: 1562155970.0 | Take Profit: 1577856029.9999998
2025-02-12 02:12:37,774 - INFO - Harga belum mencapai Take Profit atau Stop Loss dalam simulasi untuk btcidr. Menunggu...
2025-02-12 02:12:39,871 - INFO - Harga Sekarang (Simulasi): 1574999000.0 | Stop Loss: 1562155970.0 | Take Profit: 1577856029.9999998
2025-02-12 02:12:39,871 - INFO - Harga belum mencapai Take Profit atau Stop Loss dalam simulasi untuk btcidr. Menunggu...
2025-02-12 02:12:41,976 - INFO - Harga Sekarang (Simulasi): 1574999000.0 | Stop Loss: 1562155970.0 | Take Profit: 1577856029.9999998
2025-02-12 02:12:41,977 - INFO - Harga belum mencapai Take Profit atau Stop Loss dalam simulasi untuk btcidr. Menunggu...
